<?xml version="1.0" encoding="UTF-8"?>
<!-- Generated by org.testng.reporters.JUnitXMLReporter -->
<testsuite ignored="2" hostname="AAQUIB" failures="0" tests="2" name="Test" time="63.026" errors="0" timestamp="2024-06-25T17:06:34 IST">
  <testcase classname="Testscripts.regression.ValidateSearchHotelUsingPOM" name="validatesearchhotel" time="7.13"/>
  <testcase classname="Testscripts.regression.ValidateRegistrationusingPOM" name="registrationtest" time="4.721"/>
  <testcase classname="base.BaseTest" name="@BeforeTest beforeTest" time="0.0">
    <ignored/>
  </testcase> <!-- @BeforeTest beforeTest -->
  <testcase classname="base.BaseTest" name="@AfterTest closeReports" time="0.0">
    <ignored/>
  </testcase> <!-- @AfterTest closeReports -->
</testsuite> <!-- Test -->
