<?xml version="1.0" encoding="UTF-8"?>
<testng-results ignored="0" total="2" passed="2" failed="0" skipped="0">
  <reporter-output>
  </reporter-output>
  <suite started-at="2024-06-25T17:05:31 IST" name="Suite" finished-at="2024-06-25T17:06:34 IST" duration-ms="63026">
    <groups>
    </groups>
    <test started-at="2024-06-25T17:05:31 IST" name="Test" finished-at="2024-06-25T17:06:34 IST" duration-ms="63026">
      <class name="Testscripts.regression.ValidateSearchHotelUsingPOM">
        <test-method is-config="true" signature="beforeTest()[pri:0, instance:Testscripts.regression.ValidateSearchHotelUsingPOM@231f98ef]" started-at="2024-06-25T17:05:31 IST" name="beforeTest" finished-at="2024-06-25T17:05:32 IST" duration-ms="1070" status="PASS">
          <reporter-output>
          </reporter-output>
        </test-method> <!-- beforeTest -->
        <test-method is-config="true" signature="setUp(org.testng.ITestContext)[pri:0, instance:Testscripts.regression.ValidateSearchHotelUsingPOM@231f98ef]" started-at="2024-06-25T17:05:35 IST" name="setUp" finished-at="2024-06-25T17:06:04 IST" duration-ms="29629" status="PASS">
          <params>
            <param index="0">
              <value>
                <![CDATA[org.testng.TestRunner@6ac756b]]>
              </value>
            </param>
          </params>
          <reporter-output>
          </reporter-output>
        </test-method> <!-- setUp -->
        <test-method signature="validatesearchhotel(java.util.HashMap)[pri:0, instance:Testscripts.regression.ValidateSearchHotelUsingPOM@231f98ef]" started-at="2024-06-25T17:06:04 IST" name="validatesearchhotel" data-provider="getData" finished-at="2024-06-25T17:06:12 IST" duration-ms="7130" status="PASS">
          <params>
            <param index="0">
              <value>
                <![CDATA[{Check Out Date=13/06/2024, Adults per Room=2 - Two, Check In Date=12/06/2024, Expected Title1=Adactin.com - Search Hotel, Children per Room=0 - None, Expected Title2=Adactin.com - Select Hotel, Hotels=Hotel Sunshine, password=Aaquib12@, Room Type=Standard, Number of Rooms=1 - One, username=Aaquib123, Location=Sydney}]]>
              </value>
            </param>
          </params>
          <reporter-output>
          </reporter-output>
        </test-method> <!-- validatesearchhotel -->
        <test-method is-config="true" signature="teardown()[pri:0, instance:Testscripts.regression.ValidateSearchHotelUsingPOM@231f98ef]" started-at="2024-06-25T17:06:12 IST" name="teardown" finished-at="2024-06-25T17:06:16 IST" duration-ms="3942" status="PASS">
          <reporter-output>
          </reporter-output>
        </test-method> <!-- teardown -->
        <test-method is-config="true" signature="closeReports()[pri:0, instance:Testscripts.regression.ValidateSearchHotelUsingPOM@231f98ef]" started-at="2024-06-25T17:06:32 IST" name="closeReports" finished-at="2024-06-25T17:06:34 IST" duration-ms="1466" status="PASS">
          <reporter-output>
          </reporter-output>
        </test-method> <!-- closeReports -->
      </class> <!-- Testscripts.regression.ValidateSearchHotelUsingPOM -->
      <class name="Testscripts.regression.ValidateRegistrationusingPOM">
        <test-method is-config="true" signature="setUp(org.testng.ITestContext)[pri:0, instance:Testscripts.regression.ValidateRegistrationusingPOM@8462f31]" started-at="2024-06-25T17:06:16 IST" name="setUp" finished-at="2024-06-25T17:06:24 IST" duration-ms="8011" status="PASS">
          <params>
            <param index="0">
              <value>
                <![CDATA[org.testng.TestRunner@6ac756b]]>
              </value>
            </param>
          </params>
          <reporter-output>
          </reporter-output>
        </test-method> <!-- setUp -->
        <test-method signature="registrationtest(java.util.HashMap)[pri:0, instance:Testscripts.regression.ValidateRegistrationusingPOM@8462f31]" started-at="2024-06-25T17:06:24 IST" name="registrationtest" data-provider="getData" finished-at="2024-06-25T17:06:28 IST" duration-ms="4721" status="PASS">
          <params>
            <param index="0">
              <value>
                <![CDATA[{Expected Title=Adactin.com - New User Registration, Username=Aaquib124, Captcha Text=marbly, Confirm Password=Aaquib123, Full Name=Aaquib Ahmed, Password=Aaquib123, Email Address=aaqibsh10@gmail.com}]]>
              </value>
            </param>
          </params>
          <reporter-output>
          </reporter-output>
        </test-method> <!-- registrationtest -->
        <test-method is-config="true" signature="teardown()[pri:0, instance:Testscripts.regression.ValidateRegistrationusingPOM@8462f31]" started-at="2024-06-25T17:06:28 IST" name="teardown" finished-at="2024-06-25T17:06:32 IST" duration-ms="3695" status="PASS">
          <reporter-output>
          </reporter-output>
        </test-method> <!-- teardown -->
      </class> <!-- Testscripts.regression.ValidateRegistrationusingPOM -->
    </test> <!-- Test -->
  </suite> <!-- Suite -->
</testng-results>
